TN:
SF:src/functions.ts
FN:20,createNote
FN:49,modifyNote
FN:69,deleteNote
FN:91,readNote
FN:121,listNotes
FN:126,(anonymous_12)
FN:144,listNoteTitles
FN:149,(anonymous_14)
FN:171,getNoteAtributte
FNF:9
FNH:9
FNDA:6,createNote
FNDA:4,modifyNote
FNDA:6,deleteNote
FNDA:14,readNote
FNDA:3,listNotes
FNDA:10,(anonymous_12)
FNDA:3,listNoteTitles
FNDA:10,(anonymous_14)
FNDA:98,getNoteAtributte
DA:1,1
DA:2,1
DA:3,1
DA:9,1
DA:20,1
DA:21,6
DA:22,6
DA:24,2
DA:26,4
DA:27,1
DA:29,4
DA:30,3
DA:31,3
DA:33,1
DA:36,6
DA:49,1
DA:50,4
DA:51,4
DA:52,2
DA:53,2
DA:54,2
DA:55,2
DA:57,2
DA:59,4
DA:69,1
DA:70,6
DA:71,6
DA:72,5
DA:73,4
DA:74,4
DA:76,1
DA:79,1
DA:81,6
DA:91,1
DA:92,14
DA:93,14
DA:94,13
DA:95,12
DA:97,10
DA:98,10
DA:100,2
DA:101,2
DA:103,12
DA:105,1
DA:106,1
DA:109,1
DA:110,1
DA:112,14
DA:121,1
DA:122,3
DA:123,3
DA:124,2
DA:125,2
DA:126,2
DA:127,10
DA:128,1
DA:132,1
DA:133,1
DA:135,3
DA:144,1
DA:145,3
DA:146,3
DA:147,2
DA:148,2
DA:149,2
DA:150,10
DA:151,9
DA:153,1
DA:154,1
DA:158,1
DA:159,1
DA:161,3
DA:171,1
DA:172,98
DA:173,98
DA:174,97
DA:175,95
DA:177,23
DA:178,23
DA:180,50
DA:181,50
DA:183,21
DA:184,21
DA:187,2
DA:190,1
DA:192,98
DA:193,94
DA:195,4
LF:88
LH:88
BRDA:22,0,0,2
BRDA:22,0,1,4
BRDA:22,1,0,6
BRDA:22,1,1,5
BRDA:22,1,2,4
BRDA:22,1,3,4
BRDA:26,2,0,1
BRDA:26,2,1,3
BRDA:29,3,0,3
BRDA:29,3,1,1
BRDA:51,4,0,2
BRDA:51,4,1,2
BRDA:71,5,0,5
BRDA:71,5,1,1
BRDA:72,6,0,4
BRDA:72,6,1,1
BRDA:93,7,0,13
BRDA:93,7,1,1
BRDA:94,8,0,12
BRDA:94,8,1,1
BRDA:95,9,0,10
BRDA:95,9,1,2
BRDA:95,10,0,12
BRDA:95,10,1,10
BRDA:95,10,2,10
BRDA:123,11,0,2
BRDA:123,11,1,1
BRDA:127,12,0,1
BRDA:127,12,1,9
BRDA:146,13,0,2
BRDA:146,13,1,1
BRDA:150,14,0,9
BRDA:150,14,1,1
BRDA:173,15,0,97
BRDA:173,15,1,1
BRDA:174,16,0,95
BRDA:174,16,1,2
BRDA:175,17,0,23
BRDA:175,17,1,50
BRDA:175,17,2,21
BRDA:192,18,0,94
BRDA:192,18,1,4
BRF:42
BRH:42
end_of_record
TN:
SF:src/printer.ts
FN:8,print
FNF:1
FNH:1
FNDA:34,print
DA:1,1
DA:8,1
DA:9,34
DA:11,8
DA:12,8
DA:14,7
DA:15,7
DA:17,6
DA:18,6
DA:20,2
DA:21,2
DA:23,9
DA:24,9
DA:26,2
DA:27,2
LF:15
LH:15
BRDA:9,0,0,8
BRDA:9,0,1,7
BRDA:9,0,2,6
BRDA:9,0,3,2
BRDA:9,0,4,9
BRDA:9,0,5,2
BRF:6
BRH:6
end_of_record
